android/app/build/intermediates/manifest_merge_blame_file/release/manifest-merger-blame-release-report.txt
1<?xml version="1.0" encoding="utf-8"?>
2<manifest xmlns:android="http://schemas.android.com/apk/res/android"
3    package="com.daikifintech"
4    android:versionCode="1"
5    android:versionName="1.0" >
6
7    <uses-sdk
8        android:minSdkVersion="21"
8-->src/main/AndroidManifest.xml
9        android:targetSdkVersion="29" />
9-->src/main/AndroidManifest.xml
10
11    <uses-permission android:name="android.permission.INTERNET" />
11-->src/main/AndroidManifest.xml:4:5-67
11-->src/main/AndroidManifest.xml:4:22-64
12    <uses-permission android:name="android.permission.CAMERA" />
12-->[:react-native-camera] AndroidManifest.xml:9:5-65
12-->[:react-native-camera] AndroidManifest.xml:9:22-62
13
14    <uses-feature
14-->[:react-native-camera] AndroidManifest.xml:11:5-13:36
15        android:name="android.hardware.camera"
15-->[:react-native-camera] AndroidManifest.xml:12:9-47
16        android:required="false" />
16-->[:react-native-camera] AndroidManifest.xml:13:9-33
17    <uses-feature
17-->[:react-native-camera] AndroidManifest.xml:14:5-16:36
18        android:name="android.hardware.camera.autofocus"
18-->[:react-native-camera] AndroidManifest.xml:15:9-57
19        android:required="false" />
19-->[:react-native-camera] AndroidManifest.xml:16:9-33
20
21    <uses-permission android:name="android.permission.USE_BIOMETRIC" />
21-->[:react-native-keychain] AndroidManifest.xml:11:5-72
21-->[:react-native-keychain] AndroidManifest.xml:11:22-69
22    <uses-permission android:name="android.permission.USE_FINGERPRINT" />
22-->[:react-native-keychain] AndroidManifest.xml:12:5-74
22-->[:react-native-keychain] AndroidManifest.xml:12:22-71
23
24    <application
24-->src/main/AndroidManifest.xml:6:5-25:19
25        android:name="com.daikifintech.MainApplication"
25-->src/main/AndroidManifest.xml:7:7-38
26        android:allowBackup="false"
26-->src/main/AndroidManifest.xml:11:7-34
27        android:appComponentFactory="androidx.core.app.CoreComponentFactory"
27-->[androidx.core:core:1.1.0] AndroidManifest.xml:24:18-86
28        android:icon="@mipmap/ic_launcher"
28-->src/main/AndroidManifest.xml:9:7-41
29        android:label="@string/app_name"
29-->src/main/AndroidManifest.xml:8:7-39
30        android:roundIcon="@mipmap/ic_launcher_round"
30-->src/main/AndroidManifest.xml:10:7-52
31        android:theme="@style/AppTheme"
31-->src/main/AndroidManifest.xml:13:7-38
32        android:usesCleartextTraffic="true" >
32-->src/main/AndroidManifest.xml:12:7-42
33        <activity
33-->src/main/AndroidManifest.xml:14:7-24:18
34            android:name="com.daikifintech.MainActivity"
34-->src/main/AndroidManifest.xml:15:9-37
35            android:configChanges="keyboard|keyboardHidden|orientation|screenSize|uiMode"
35-->src/main/AndroidManifest.xml:17:9-86
36            android:label="@string/app_name"
36-->src/main/AndroidManifest.xml:16:9-41
37            android:launchMode="singleTask"
37-->src/main/AndroidManifest.xml:18:9-40
38            android:windowSoftInputMode="adjustResize" >
38-->src/main/AndroidManifest.xml:19:9-51
39            <intent-filter>
39-->src/main/AndroidManifest.xml:20:9-23:25
40                <action android:name="android.intent.action.MAIN" />
40-->src/main/AndroidManifest.xml:21:13-65
40-->src/main/AndroidManifest.xml:21:21-62
41
42                <category android:name="android.intent.category.LAUNCHER" />
42-->src/main/AndroidManifest.xml:22:13-73
42-->src/main/AndroidManifest.xml:22:23-70
43            </intent-filter>
44        </activity>
45
46        <provider
46-->[:react-native-webview] AndroidManifest.xml:12:9-20:20
47            android:name="com.reactnativecommunity.webview.RNCWebViewFileProvider"
47-->[:react-native-webview] AndroidManifest.xml:13:13-83
48            android:authorities="com.daikifintech.fileprovider"
48-->[:react-native-webview] AndroidManifest.xml:14:13-64
49            android:exported="false"
49-->[:react-native-webview] AndroidManifest.xml:15:13-37
50            android:grantUriPermissions="true" >
50-->[:react-native-webview] AndroidManifest.xml:16:13-47
51            <meta-data
51-->[:react-native-webview] AndroidManifest.xml:17:13-19:63
52                android:name="android.support.FILE_PROVIDER_PATHS"
52-->[:react-native-webview] AndroidManifest.xml:18:17-67
53                android:resource="@xml/file_provider_paths" />
53-->[:react-native-webview] AndroidManifest.xml:19:17-60
54        </provider>
55
56        <activity
56-->[com.google.android.gms:play-services-base:16.0.1] AndroidManifest.xml:23:9-26:75
57            android:name="com.google.android.gms.common.api.GoogleApiActivity"
57-->[com.google.android.gms:play-services-base:16.0.1] AndroidManifest.xml:24:13-79
58            android:exported="false"
58-->[com.google.android.gms:play-services-base:16.0.1] AndroidManifest.xml:25:13-37
59            android:theme="@android:style/Theme.Translucent.NoTitleBar" />
59-->[com.google.android.gms:play-services-base:16.0.1] AndroidManifest.xml:26:13-72
60
61        <meta-data
61-->[com.google.android.gms:play-services-basement:16.1.0] AndroidManifest.xml:23:9-25:69
62            android:name="com.google.android.gms.version"
62-->[com.google.android.gms:play-services-basement:16.1.0] AndroidManifest.xml:24:13-58
63            android:value="@integer/google_play_services_version" />
63-->[com.google.android.gms:play-services-basement:16.1.0] AndroidManifest.xml:25:13-66
64    </application>
65
66</manifest>